Added Component: Designator=B1(Buzzer 5V)
Added Component: Designator=B2(PUSB BUTTON-SMD)
Add component (AddParameter): Name = "Satýn Alma Linki"; Value = "https://urun.n11.com/diger/mini-pushbutton-switch-smd-P227461537?gclid=Cj0KCQjwkoDmBRCcARIsAG3xzl8Y_-jeD7HocNM6lvuZ_rVp83568XPGtNzlPwXWLph8oCRqo0yh87UaApZYEALw_wcB&gclsrc=aw.ds"; VariantName = "[No Variations]"
Added Component: Designator=C1(C1206)
Added Component: Designator=C2(C1206)
Added Component: Designator=C3(C1206)
Added Component: Designator=C4(C1206)
Added Component: Designator=C5(C1206)
Added Component: Designator=C6(C1206)
Added Component: Designator=C7(C1206)
Added Component: Designator=C8(C1206)
Added Component: Designator=C9(C1206)
Added Component: Designator=C10(C1206 - TANTAL)
Added Component: Designator=C11(C1206 - TANTAL)
Added Component: Designator=C12(C1206)
Added Component: Designator=C13(C1206)
Added Component: Designator=C14(C1206)
Added Component: Designator=C15(C1206)
Added Component: Designator=C16(C1206)
Added Component: Designator=C17(C1206)
Added Component: Designator=C18(C1206)
Added Component: Designator=J1(Header 2.54 1x5)
Added Component: Designator=J2(Micro SD Card Holder)
Added Component: Designator=J3(Header 2.54 1x4)
Added Component: Designator=J4(Header 2.54 1x4)
Added Component: Designator=J5(klemens 1x2 3.5mm)
Added Component: Designator=J6(klemens 1x2 3.5mm)
Added Component: Designator=R1(R1206 RESISTER)
Added Component: Designator=R2(R1206 RESISTER)
Added Component: Designator=R3(R1206 RESISTER)
Added Component: Designator=R4(R1206 RESISTER)
Added Component: Designator=R5(R1206 RESISTER)
Added Component: Designator=U1(L7805 DPAK)
Added Component: Designator=U2(L7805 DPAK)
Added Component: Designator=U3(LQFP48-STM)
Added Component: Designator=U4(MPU6050)
Added Component: Designator=U5(BMP280)
Added Component: Designator=Y1(8 MHZ OSCILLATOR)
Added Pin To Net: NetName=NetB1_1 Pin=B1-1
Added Pin To Net: NetName=GND Pin=B1-2
Added Pin To Net: NetName=NRST Pin=B2-1
Added Pin To Net: NetName=NRST Pin=B2-2
Added Pin To Net: NetName=GND Pin=B2-3
Added Pin To Net: NetName=GND Pin=B2-4
Added Pin To Net: NetName=NetC1_1 Pin=C1-1
Added Pin To Net: NetName=GND Pin=C1-2
Added Pin To Net: NetName=NetC2_1 Pin=C2-1
Added Pin To Net: NetName=GND Pin=C2-2
Added Pin To Net: NetName=3V Pin=C3-1
Added Pin To Net: NetName=GND Pin=C3-2
Added Pin To Net: NetName=3V Pin=C4-1
Added Pin To Net: NetName=GND Pin=C4-2
Added Pin To Net: NetName=3V Pin=C5-1
Added Pin To Net: NetName=GND Pin=C5-2
Added Pin To Net: NetName=3V Pin=C6-1
Added Pin To Net: NetName=GND Pin=C6-2
Added Pin To Net: NetName=3V Pin=C7-1
Added Pin To Net: NetName=GND Pin=C7-2
Added Pin To Net: NetName=GND Pin=C8-1
Added Pin To Net: NetName=7.4V Pin=C8-2
Added Pin To Net: NetName=GND Pin=C9-1
Added Pin To Net: NetName=5V Pin=C9-2
Added Pin To Net: NetName=7.4V Pin=C10-1
Added Pin To Net: NetName=7.4V Pin=C10-1
Added Pin To Net: NetName=GND Pin=C10-2
Added Pin To Net: NetName=3.3V Pin=C11-1
Added Pin To Net: NetName=3.3V Pin=C11-1
Added Pin To Net: NetName=GND Pin=C11-2
Added Pin To Net: NetName=GND Pin=C12-1
Added Pin To Net: NetName=NRST Pin=C12-2
Added Pin To Net: NetName=3.3V Pin=C13-1
Added Pin To Net: NetName=GND Pin=C13-2
Added Pin To Net: NetName=3.3V Pin=C14-1
Added Pin To Net: NetName=GND Pin=C14-2
Added Pin To Net: NetName=GND Pin=C15-1
Added Pin To Net: NetName=NetC15_2 Pin=C15-2
Added Pin To Net: NetName=NetC16_1 Pin=C16-1
Added Pin To Net: NetName=GND Pin=C16-2
Added Pin To Net: NetName=3.3V Pin=C17-1
Added Pin To Net: NetName=GND Pin=C17-2
Added Pin To Net: NetName=3.3V Pin=C18-1
Added Pin To Net: NetName=GND Pin=C18-2
Added Pin To Net: NetName=3.3V Pin=J1-1
Added Pin To Net: NetName=NetJ1_2 Pin=J1-2
Added Pin To Net: NetName=GND Pin=J1-3
Added Pin To Net: NetName=NetJ1_4 Pin=J1-4
Added Pin To Net: NetName=NRST Pin=J1-5
Added Pin To Net: NetName=NetJ2_2 Pin=J2-2
Added Pin To Net: NetName=NetJ2_3 Pin=J2-3
Added Pin To Net: NetName=3.3V Pin=J2-4
Added Pin To Net: NetName=NetJ2_5 Pin=J2-5
Added Pin To Net: NetName=GND Pin=J2-6
Added Pin To Net: NetName=NetJ2_7 Pin=J2-7
Added Pin To Net: NetName=GND Pin=J2-10
Added Pin To Net: NetName=GND Pin=J2-11
Added Pin To Net: NetName=GND Pin=J2-12
Added Pin To Net: NetName=GND Pin=J2-13
Added Pin To Net: NetName=3.3V Pin=J3-1
Added Pin To Net: NetName=GND Pin=J3-2
Added Pin To Net: NetName=NetJ3_3 Pin=J3-3
Added Pin To Net: NetName=NetJ3_4 Pin=J3-4
Added Pin To Net: NetName=3.3V Pin=J4-1
Added Pin To Net: NetName=GND Pin=J4-2
Added Pin To Net: NetName=NetJ4_3 Pin=J4-3
Added Pin To Net: NetName=NetJ4_4 Pin=J4-4
Added Pin To Net: NetName=7.4V Pin=J5-1
Added Pin To Net: NetName=GND Pin=J5-2
Added Pin To Net: NetName=5V Pin=J6-1
Added Pin To Net: NetName=GND Pin=J6-2
Added Pin To Net: NetName=GND Pin=R1-1
Added Pin To Net: NetName=3.3V Pin=R1-2
Added Pin To Net: NetName=NRST Pin=R2-1
Added Pin To Net: NetName=3.3V Pin=R2-2
Added Pin To Net: NetName=NetR3_1 Pin=R3-1
Added Pin To Net: NetName=GND Pin=R3-2
Added Pin To Net: NetName=NetR4_1 Pin=R4-1
Added Pin To Net: NetName=3.3V Pin=R4-2
Added Pin To Net: NetName=NetR5_1 Pin=R5-1
Added Pin To Net: NetName=3.3V Pin=R5-2
Added Pin To Net: NetName=7.4V Pin=U1-1
Added Pin To Net: NetName=5V Pin=U1-2
Added Pin To Net: NetName=GND Pin=U1-3
Added Pin To Net: NetName=GND Pin=U2-1
Added Pin To Net: NetName=7.4V Pin=U2-2
Added Pin To Net: NetName=3.3V Pin=U2-3
Added Pin To Net: NetName=3V Pin=U3-1
Added Pin To Net: NetName=NetC2_1 Pin=U3-5
Added Pin To Net: NetName=NetC1_1 Pin=U3-6
Added Pin To Net: NetName=NRST Pin=U3-7
Added Pin To Net: NetName=GND Pin=U3-8
Added Pin To Net: NetName=3V Pin=U3-9
Added Pin To Net: NetName=NetJ2_2 Pin=U3-11
Added Pin To Net: NetName=NetJ4_4 Pin=U3-12
Added Pin To Net: NetName=NetJ4_3 Pin=U3-13
Added Pin To Net: NetName=NetU3_14 Pin=U3-14
Added Pin To Net: NetName=NetJ2_5 Pin=U3-15
Added Pin To Net: NetName=NetJ2_7 Pin=U3-16
Added Pin To Net: NetName=NetJ2_3 Pin=U3-17
Added Pin To Net: NetName=NetR4_1 Pin=U3-21
Added Pin To Net: NetName=NetR5_1 Pin=U3-22
Added Pin To Net: NetName=GND Pin=U3-23
Added Pin To Net: NetName=3V Pin=U3-24
Added Pin To Net: NetName=NetJ3_3 Pin=U3-30
Added Pin To Net: NetName=NetJ3_4 Pin=U3-31
Added Pin To Net: NetName=NetB1_1 Pin=U3-32
Added Pin To Net: NetName=NetJ1_2 Pin=U3-34
Added Pin To Net: NetName=GND Pin=U3-35
Added Pin To Net: NetName=3V Pin=U3-36
Added Pin To Net: NetName=NetJ1_4 Pin=U3-37
Added Pin To Net: NetName=NetR3_1 Pin=U3-44
Added Pin To Net: NetName=GND Pin=U3-47
Added Pin To Net: NetName=3V Pin=U3-48
Added Pin To Net: NetName=GND Pin=U4-1
Added Pin To Net: NetName=3.3V Pin=U4-8
Added Pin To Net: NetName=GND Pin=U4-9
Added Pin To Net: NetName=NetC15_2 Pin=U4-10
Added Pin To Net: NetName=GND Pin=U4-11
Added Pin To Net: NetName=3.3V Pin=U4-13
Added Pin To Net: NetName=GND Pin=U4-18
Added Pin To Net: NetName=NetC16_1 Pin=U4-20
Added Pin To Net: NetName=NetR4_1 Pin=U4-23
Added Pin To Net: NetName=NetR5_1 Pin=U4-24
Added Pin To Net: NetName=GND Pin=U5-1
Added Pin To Net: NetName=NetU3_14 Pin=U5-2
Added Pin To Net: NetName=NetJ2_3 Pin=U5-3
Added Pin To Net: NetName=NetJ2_5 Pin=U5-4
Added Pin To Net: NetName=NetJ2_7 Pin=U5-5
Added Pin To Net: NetName=3.3V Pin=U5-6
Added Pin To Net: NetName=GND Pin=U5-7
Added Pin To Net: NetName=3.3V Pin=U5-8
Added Pin To Net: NetName=NetC2_1 Pin=Y1-1
Added Pin To Net: NetName=GND Pin=Y1-2
Added Pin To Net: NetName=NetC1_1 Pin=Y1-3
Added Pin To Net: NetName=GND Pin=Y1-4
Added Member To Class: ClassName=STM32_sematik Member=Component B1 Buzzer 5v
Added Member To Class: ClassName=STM32_sematik Member=Component B2 Push Button
Added Member To Class: ClassName=STM32_sematik Member=Component C1 16pF C1206
Added Member To Class: ClassName=STM32_sematik Member=Component C2 16pF C1206
Added Member To Class: ClassName=STM32_sematik Member=Component C3 0.1 uF C1206
Added Member To Class: ClassName=STM32_sematik Member=Component C4 0.1 uF C1206
Added Member To Class: ClassName=STM32_sematik Member=Component C5 0.1 uF C1206
Added Member To Class: ClassName=STM32_sematik Member=Component C6 0.1 uF C1206
Added Member To Class: ClassName=STM32_sematik Member=Component C7 0.1 uF C1206
Added Member To Class: ClassName=STM32_sematik Member=Component C8 330 nF C1206
Added Member To Class: ClassName=STM32_sematik Member=Component C9 0.1 uF C1206
Added Member To Class: ClassName=STM32_sematik Member=Component C10 10 uF C1206 - TANTAL
Added Member To Class: ClassName=STM32_sematik Member=Component C11 10 uF C1206 - TANTAL
Added Member To Class: ClassName=STM32_sematik Member=Component C12 0.1 uF C1206
Added Member To Class: ClassName=STM32_sematik Member=Component C13 0.1 uF C1206
Added Member To Class: ClassName=STM32_sematik Member=Component C14 0.1 uF C1206
Added Member To Class: ClassName=STM32_sematik Member=Component C15 0.1 uF C1206
Added Member To Class: ClassName=STM32_sematik Member=Component C16 2.2 nF C1206 CAPACITOR
Added Member To Class: ClassName=STM32_sematik Member=Component C17 0.1 uF C1206
Added Member To Class: ClassName=STM32_sematik Member=Component C18 0.1 uF C1206
Added Member To Class: ClassName=STM32_sematik Member=Component J1 Header 2.54 1x5
Added Member To Class: ClassName=STM32_sematik Member=Component J2 Micro SD Card Holder
Added Member To Class: ClassName=STM32_sematik Member=Component J3 Header 2.54 1x4
Added Member To Class: ClassName=STM32_sematik Member=Component J4 Header 2.54 1x4
Added Member To Class: ClassName=STM32_sematik Member=Component J5 klemens 1x2 3.5mm
Added Member To Class: ClassName=STM32_sematik Member=Component J6 klemens 1x2 3.5mm
Added Member To Class: ClassName=STM32_sematik Member=Component R1 10K RESISTOR R1206
Added Member To Class: ClassName=STM32_sematik Member=Component R2 10K RESISTOR R1206
Added Member To Class: ClassName=STM32_sematik Member=Component R3 10K RESISTOR R1206
Added Member To Class: ClassName=STM32_sematik Member=Component R4 4.7K RESISTOR R1206
Added Member To Class: ClassName=STM32_sematik Member=Component R5 4.7K RESISTOR R1206
Added Member To Class: ClassName=STM32_sematik Member=Component U1 L7805-DPAK REGULATOR
Added Member To Class: ClassName=STM32_sematik Member=Component U2 LD108633-DPAK REGULATOR
Added Member To Class: ClassName=STM32_sematik Member=Component U3 STM32F101
Added Member To Class: ClassName=STM32_sematik Member=Component U4 MPU6050
Added Member To Class: ClassName=STM32_sematik Member=Component U5 BMP280
Added Member To Class: ClassName=STM32_sematik Member=Component Y1 8 MHz 12.5 pf OSCILLATOR
Added Room: Name=STM32_sematik
